Arguments: 
  C:\Program Files\nodejs\node.exe C:\Users\addo1\AppData\Roaming\npm\node_modules\yarn\bin\yarn.js add express httpolyglot socket.io socket.io.client

PATH: 
  C:\Users\addo1\bin;C:\Program Files\Git\mingw64\bin;C:\Program Files\Git\usr\local\bin;C:\Program Files\Git\usr\bin;C:\Program Files\Git\usr\bin;C:\Program Files\Git\mingw64\bin;C:\Program Files\Git\usr\bin;C:\Users\addo1\bin;C:\Program Files\Microsoft\jdk-11.0.12.7-hotspot\bin;C:\Python310\Scripts;C:\Python310;C:\Program Files\Common Files\Oracle\Java\javapath;C:\Program Files (x86)\Common Files\Oracle\Java\javapath;C:\Program Files\NVIDIA GPU Computing Toolkit\CUDA\v11.3\bin;C:\Program Files\NVIDIA GPU Computing Toolkit\CUDA\v11.3\libnvvp;C:\WINDOWS\system32;C:\WINDOWS;C:\WINDOWS\System32\Wbem;C:\WINDOWS\System32\WindowsPowerShell\v1.0;C:\WINDOWS\System32\OpenSSH;C:\Program Files (x86)\NVIDIA Corporation\PhysX\Common;C:\Program Files\Git\cmd;C:\Program Files\dotnet;C:\Program Files\NVIDIA Corporation\NVIDIA NvDLISR;C:\Program Files\NVIDIA Corporation\Nsight Compute 2021.1.1;C:\Program Files\MATLAB\R2021a\runtime\win64;C:\Program Files\MATLAB\R2021a\bin;C:\Program Files\nodejs;C:\ProgramData\chocolatey\bin;C:\Users\addo1\AppData\Local\Android\Sdk\platform-tools;C:\Program Files\PuTTY;C:\xampp1\php;C:\xampp1\htdocs\composer;C:\Program Files\ffmpeg\bin;C:\MinGW\msys\1.0\bin;C:\Users\addo1\AppData\Local\Android\Sdk\platform-tools;C:\Users\addo1\AppData\Local\Android\Sdk\tools;C:\Users\addo1\AppData\Local\jdk-11.0.2\bin;C:\Users\addo1\AppData\Local\Microsoft\WindowsApps;C:\Users\addo1\Anaconda3;C:\Users\addo1\Anaconda3\Scripts;C:\Users\addo1\Anaconda3\condabin;C:\Users\addo1\Anaconda3\Library\bin;C:\Program Files\NVIDIA GPU Computing Toolkit\CUDA\v11.3\bin;C:\Program Files\NVIDIA GPU Computing Toolkit\CUDA\v11.3\extras\CUPTI\lib64;C:\Program Files\NVIDIA GPU Computing Toolkit\CUDA\v11.3\include;C:\tools\cuda\bin;C:\Users\addo1\AppData\Roaming\Python\Python38\Scripts;C:\Users\addo1\.dotnet\tools;C:\Users\addo1\AppData\Local\Programs\Microsoft VS Code\bin;C:\Users\addo1\AppData\Roaming\npm;C:\Users\addo1\AppData\Local\Android\Sdk\platform-tools;C:\Program Files\JetBrains\IntelliJ IDEA Community Edition 2022.1.2\bin;C:\xampp1\php;C:\xampp1\htdocs\composer;C:\Program Files\ffmpeg\bin;C:\MinGW\msys\1.0\bin;C:\Program Files\Git\usr\bin\vendor_perl;C:\Program Files\Git\usr\bin\core_perl

Yarn version: 
  1.22.17

Node version: 
  16.6.1

Platform: 
  win32 x64

Trace: 
  Error: https://registry.yarnpkg.com/socket.io.client: Not found
      at Request.params.callback [as _callback] (C:\Users\addo1\AppData\Roaming\npm\node_modules\yarn\lib\cli.js:67029:18)
      at Request.self.callback (C:\Users\addo1\AppData\Roaming\npm\node_modules\yarn\lib\cli.js:140883:22)
      at Request.emit (node:events:394:28)
      at Request.<anonymous> (C:\Users\addo1\AppData\Roaming\npm\node_modules\yarn\lib\cli.js:141855:10)
      at Request.emit (node:events:394:28)
      at IncomingMessage.<anonymous> (C:\Users\addo1\AppData\Roaming\npm\node_modules\yarn\lib\cli.js:141777:12)
      at Object.onceWrapper (node:events:513:28)
      at IncomingMessage.emit (node:events:406:35)
      at endReadableNT (node:internal/streams/readable:1331:12)
      at processTicksAndRejections (node:internal/process/task_queues:83:21)

npm manifest: 
  {
    "name": "sfu",
    "version": "1.0.0",
    "description": "",
    "main": "app.js",
    "scripts": {
      "test": "echo \"Error: no test specified\" && exit 1"
    },
    "author": "",
    "license": "ISC",
    "dependencies": {
      "mediasoup": "3"
    }
  }

yarn manifest: 
  No manifest

Lockfile: 
  # THIS IS AN AUTOGENERATED FILE. DO NOT EDIT THIS FILE DIRECTLY.
  # yarn lockfile v1
  
  
  "@types/node@^16.11.10":
    version "16.11.64"
    resolved "https://registry.yarnpkg.com/@types/node/-/node-16.11.64.tgz#9171f327298b619e2c52238b120c19056415d820"
    integrity sha512-z5hPTlVFzNwtJ2LNozTpJcD1Cu44c4LNuzaq1mwxmiHWQh2ULdR6Vjwo1UGldzRpzL0yUEdZddnfqGW2G70z6Q==
  
  debug@^4.1.1, debug@^4.3.4:
    version "4.3.4"
    resolved "https://registry.yarnpkg.com/debug/-/debug-4.3.4.tgz#1319f6579357f2338d3337d2cdd4914bb5dcc865"
    integrity sha512-PRWFHuSU3eDtQJPvnNY7Jcket1j0t5OuOsFzPPzsekD52Zl8qUfFIPEiswXqIvHWGVHOgX+7G/vCNNhehwxfkQ==
    dependencies:
      ms "2.1.2"
  
  h264-profile-level-id@^1.0.1:
    version "1.0.1"
    resolved "https://registry.yarnpkg.com/h264-profile-level-id/-/h264-profile-level-id-1.0.1.tgz#92033c190766c846e57c6a97e4c1d922943a9cce"
    integrity sha512-D3Rln/jKNjKDW5ZTJTK3niSoOGE+pFqPvRHHVgQN3G7umcn/zWGPUo8Q8VpDj16x3hKz++zVviRNRmXu5cpN+Q==
    dependencies:
      debug "^4.1.1"
  
  mediasoup@3:
    version "3.10.8"
    resolved "https://registry.yarnpkg.com/mediasoup/-/mediasoup-3.10.8.tgz#536bbcba4dc52bb571dd09353402081acacb9433"
    integrity sha512-Wg+A1iUDf5g1bew92n/r5I4EEksUNkW5MEitm56eoB05gT7NOxmAg4HDo+KwvRS/riAsrJ2+/7efFFbdASZuNg==
    dependencies:
      "@types/node" "^16.11.10"
      debug "^4.3.4"
      h264-profile-level-id "^1.0.1"
      supports-color "^9.2.3"
      uuid "^8.3.2"
  
  ms@2.1.2:
    version "2.1.2"
    resolved "https://registry.yarnpkg.com/ms/-/ms-2.1.2.tgz#d09d1f357b443f493382a8eb3ccd183872ae6009"
    integrity sha512-sGkPx+VjMtmA6MX27oA4FBFELFCZZ4S4XqeGOXCv68tT+jb3vk/RyaKWP0PTKyWtmLSM0b+adUTEvbs1PEaH2w==
  
  supports-color@^9.2.3:
    version "9.2.3"
    resolved "https://registry.yarnpkg.com/supports-color/-/supports-color-9.2.3.tgz#a6e2c97fc20c80abecd69e50aebe4783ff77d45a"
    integrity sha512-aszYUX/DVK/ed5rFLb/dDinVJrQjG/vmU433wtqVSD800rYsJNWxh2R3USV90aLSU+UsyQkbNeffVLzc6B6foA==
  
  uuid@^8.3.2:
    version "8.3.2"
    resolved "https://registry.yarnpkg.com/uuid/-/uuid-8.3.2.tgz#80d5b5ced271bb9af6c445f21a1a04c606cefbe2"
    integrity sha512-+NYs2QeMWy+GWFOEm9xnn6HCDp0l7QBD7ml8zLUmJ+93Q5NF0NocErnwkTkXVFNiX3/fpC6afS8Dhb/gz7R7eg==
